0 silly argv {
0 silly argv   _: [ 'version' ],
0 silly argv   lernaVersion: '8.2.2',
0 silly argv   '$0': '/Users/zhaoyoutian/Documents/Code/pubshnpm/dynamic-questionary-form/node_modules/.bin/lerna'
0 silly argv }
1 notice cli v8.2.2
2 verbose packageConfigs Package manager "pnpm" detected. Resolving packages using `pnpm-workspace.yaml`.
3 verbose rootPath /Users/zhaoyoutian/Documents/Code/pubshnpm/dynamic-questionary-form
4 info current version 0.0.1
5 silly isAnythingCommitted
6 verbose isAnythingCommitted 1
7 silly getCurrentBranch
8 verbose currentBranch main
9 silly remoteBranchExists
10 silly isBehindUpstream
11 error Error: Command failed with exit code 1: git remote update
11 error fatal: unable to access 'https://github.com/portalZYT/dynamic-questionary-form.git/': Recv failure: Operation timed out
11 error error: Could not fetch origin
11 error Fetching origin
11 error     at makeError (/Users/zhaoyoutian/Documents/Code/pubshnpm/dynamic-questionary-form/node_modules/execa/lib/error.js:59:11)
11 error     at module.exports.sync (/Users/zhaoyoutian/Documents/Code/pubshnpm/dynamic-questionary-form/node_modules/execa/index.js:186:17)
11 error     at Object.execSync (/Users/zhaoyoutian/Documents/Code/pubshnpm/dynamic-questionary-form/node_modules/lerna/dist/index.js:1579:31)
11 error     at updateRemote (/Users/zhaoyoutian/Documents/Code/pubshnpm/dynamic-questionary-form/node_modules/lerna/dist/index.js:9207:18)
11 error     at isBehindUpstream (/Users/zhaoyoutian/Documents/Code/pubshnpm/dynamic-questionary-form/node_modules/lerna/dist/index.js:9197:3)
11 error     at VersionCommand.initialize (/Users/zhaoyoutian/Documents/Code/pubshnpm/dynamic-questionary-form/node_modules/lerna/dist/index.js:9491:57)
